  [1m[36m (1.2ms)[0m  [1mCREATE TABLE "schema_migrations" ("version" varchar NOT NULL) [0m
  [1m[35m (0.0ms)[0m  select sqlite_version(*)
  [1m[36m (1.0ms)[0m  [1mCREATE UNIQUE INDEX "unique_schema_migrations" ON "schema_migrations" ("version")[0m
  [1m[35mActiveRecord::SchemaMigration Load (0.1ms)[0m  SELECT "schema_migrations".* FROM "schema_migrations"
  [1m[36mActiveRecord::SchemaMigration Load (0.1ms)[0m  [1mSELECT "schema_migrations".* FROM "schema_migrations"[0m
Migrating to CreatePosts (20151230232412)
  [1m[35m (0.1ms)[0m  begin transaction
  [1m[36m (0.4ms)[0m  [1mCREATE TABLE "posts" ("id" INTEGER PRIMARY KEY AUTOINCREMENT NOT NULL, "title" varchar, "description" text, "created_at" datetime NOT NULL, "updated_at" datetime NOT NULL) [0m
  [1m[35mSQL (0.2ms)[0m  INSERT INTO "schema_migrations" ("version") VALUES (?)  [["version", "20151230232412"]]
  [1m[36m (1.3ms)[0m  [1mcommit transaction[0m
  [1m[35mActiveRecord::SchemaMigration Load (0.1ms)[0m  SELECT "schema_migrations".* FROM "schema_migrations"


Started GET "/posts/new" for ::1 at 2015-12-31 13:44:56 -0600
  [1m[36mActiveRecord::SchemaMigration Load (0.1ms)[0m  [1mSELECT "schema_migrations".* FROM "schema_migrations"[0m
Processing by PostsController#new as HTML
  Rendered posts/new.html.erb within layouts/application (2.1ms)
Completed 200 OK in 347ms (Views: 326.8ms | ActiveRecord: 0.2ms)


Started GET "/assets/application.self-e80e8f2318043e8af94dddc2adad5a4f09739a8ebb323b3ab31cd71d45fd9113.css?body=1" for ::1 at 2015-12-31 13:44:57 -0600


Started GET "/assets/application.self-3b8dabdc891efe46b9a144b400ad69e37d7e5876bdc39dee783419a69d7ca819.js?body=1" for ::1 at 2015-12-31 13:44:57 -0600


Started POST "/posts" for ::1 at 2015-12-31 13:45:03 -0600
Processing by PostsController#create as HTML
  Parameters: {"utf8"=>"✓", "authenticity_token"=>"mFCuNJP5reOW19phdr4zXRLzOMo4NZQ3wneiVR+RO/+owIoDiOxh24iHKkZ7DGazxbSIoRmvIOmJgA4gog1sGg==", "title"=>"Rails Introduction Quiz", "description"=>"asdfasdf", "commit"=>"Submit Post"}
  [1m[35m (0.1ms)[0m  begin transaction
  [1m[36mSQL (0.4ms)[0m  [1mINSERT INTO "posts" ("title", "description", "created_at", "updated_at") VALUES (?, ?, ?, ?)[0m  [["title", "Rails Introduction Quiz"], ["description", "asdfasdf"], ["created_at", "2015-12-31 19:45:03.614973"], ["updated_at", "2015-12-31 19:45:03.614973"]]
  [1m[35m (1.2ms)[0m  commit transaction
Redirected to http://localhost:3000/posts/1
Completed 302 Found in 22ms (ActiveRecord: 1.7ms)


Started GET "/posts/1" for ::1 at 2015-12-31 13:45:03 -0600
Processing by PostsController#show as HTML
  Parameters: {"id"=>"1"}
  [1m[36mPost Load (0.2ms)[0m  [1mSELECT  "posts".* FROM "posts" WHERE "posts"."id" = ? LIMIT 1[0m  [["id", 1]]
  Rendered posts/show.html.erb within layouts/application (0.4ms)
Completed 200 OK in 27ms (Views: 10.4ms | ActiveRecord: 0.2ms)
  [1m[35m (0.0ms)[0m  [1m[36mbegin transaction[0m
  [1m[35mSQL (0.8ms)[0m  [1m[32mINSERT INTO "posts" ("title", "description", "created_at", "updated_at") VALUES (?, ?, ?, ?)[0m  [["title", "Title Goes Here"], ["description", "Desc goes here..."], ["created_at", "2020-02-27 17:14:57.634146"], ["updated_at", "2020-02-27 17:14:57.634146"]]
  [1m[35m (3.7ms)[0m  [1m[36mcommit transaction[0m
Started GET "/" for 127.0.0.1 at 2020-02-27 12:17:35 -0500
  [1m[36mActiveRecord::SchemaMigration Load (0.2ms)[0m  [1m[34mSELECT "schema_migrations".* FROM "schema_migrations"[0m
Processing by Rails::WelcomeController#index as HTML
  Parameters: {"internal"=>true}
  Rendering /home/stevenks17/.rvm/gems/ruby-2.6.1/gems/railties-5.0.7.2/lib/rails/templates/rails/welcome/index.html.erb
  Rendered /home/stevenks17/.rvm/gems/ruby-2.6.1/gems/railties-5.0.7.2/lib/rails/templates/rails/welcome/index.html.erb (6.8ms)
Completed 200 OK in 47ms (Views: 24.5ms | ActiveRecord: 0.0ms)


Started GET "/posts/new" for 127.0.0.1 at 2020-02-27 12:17:48 -0500
Processing by PostsController#new as HTML
  Rendering posts/new.html.erb within layouts/application
  Rendered posts/new.html.erb within layouts/application (9.2ms)
Completed 200 OK in 321ms (Views: 316.8ms | ActiveRecord: 0.5ms)


Started POST "/posts" for 127.0.0.1 at 2020-02-27 12:17:55 -0500
Processing by PostsController#create as HTML
  Parameters: {"utf8"=>"✓", "authenticity_token"=>"HrA6pAuh8K2OHWMe/IH34hpmZa8rOH+4il8EorFyZCgnFhofxWvUo7VWRspdnCfWPNUVWHKh1FX8darNjWilXQ==", "title"=>"Smores", "description"=>"are tasty", "commit"=>"Submit Post"}
Completed 500 Internal Server Error in 1ms (ActiveRecord: 0.0ms)


  
NoMethodError (undefined method `new' for nil:NilClass):
  
app/controllers/posts_controller.rb:15:in `create'
  Rendering /home/stevenks17/.rvm/gems/ruby-2.6.1/gems/actionpack-5.0.7.2/lib/action_dispatch/middleware/templates/rescues/diagnostics.html.erb within rescues/layout
  Rendering /home/stevenks17/.rvm/gems/ruby-2.6.1/gems/actionpack-5.0.7.2/lib/action_dispatch/middleware/templates/rescues/_source.html.erb
  Rendered /home/stevenks17/.rvm/gems/ruby-2.6.1/gems/actionpack-5.0.7.2/lib/action_dispatch/middleware/templates/rescues/_source.html.erb (3.2ms)
  Rendering /home/stevenks17/.rvm/gems/ruby-2.6.1/gems/actionpack-5.0.7.2/lib/action_dispatch/middleware/templates/rescues/_trace.html.erb
  Rendered /home/stevenks17/.rvm/gems/ruby-2.6.1/gems/actionpack-5.0.7.2/lib/action_dispatch/middleware/templates/rescues/_trace.html.erb (1.3ms)
  Rendering /home/stevenks17/.rvm/gems/ruby-2.6.1/gems/actionpack-5.0.7.2/lib/action_dispatch/middleware/templates/rescues/_request_and_response.html.erb
  Rendered /home/stevenks17/.rvm/gems/ruby-2.6.1/gems/actionpack-5.0.7.2/lib/action_dispatch/middleware/templates/rescues/_request_and_response.html.erb (0.5ms)
  Rendered /home/stevenks17/.rvm/gems/ruby-2.6.1/gems/actionpack-5.0.7.2/lib/action_dispatch/middleware/templates/rescues/diagnostics.html.erb within rescues/layout (91.0ms)
Started POST "/posts" for 127.0.0.1 at 2020-02-27 12:18:34 -0500
Processing by PostsController#create as HTML
  Parameters: {"utf8"=>"✓", "authenticity_token"=>"HrA6pAuh8K2OHWMe/IH34hpmZa8rOH+4il8EorFyZCgnFhofxWvUo7VWRspdnCfWPNUVWHKh1FX8darNjWilXQ==", "title"=>"Smores", "description"=>"are tasty", "commit"=>"Submit Post"}
  [1m[35m (0.0ms)[0m  [1m[36mbegin transaction[0m
  [1m[35mSQL (1.0ms)[0m  [1m[32mINSERT INTO "posts" ("title", "description", "created_at", "updated_at") VALUES (?, ?, ?, ?)[0m  [["title", "Smores"], ["description", "are tasty"], ["created_at", "2020-02-27 17:18:34.616292"], ["updated_at", "2020-02-27 17:18:34.616292"]]
  [1m[35m (4.8ms)[0m  [1m[36mcommit transaction[0m
No template found for PostsController#create, rendering head :no_content
Completed 204 No Content in 59ms (ActiveRecord: 6.7ms)


Started POST "/posts" for 127.0.0.1 at 2020-02-27 12:18:37 -0500
Processing by PostsController#create as HTML
  Parameters: {"utf8"=>"✓", "authenticity_token"=>"HrA6pAuh8K2OHWMe/IH34hpmZa8rOH+4il8EorFyZCgnFhofxWvUo7VWRspdnCfWPNUVWHKh1FX8darNjWilXQ==", "title"=>"Smores", "description"=>"are tasty", "commit"=>"Submit Post"}
  [1m[35m (0.0ms)[0m  [1m[36mbegin transaction[0m
  [1m[35mSQL (0.7ms)[0m  [1m[32mINSERT INTO "posts" ("title", "description", "created_at", "updated_at") VALUES (?, ?, ?, ?)[0m  [["title", "Smores"], ["description", "are tasty"], ["created_at", "2020-02-27 17:18:37.531983"], ["updated_at", "2020-02-27 17:18:37.531983"]]
  [1m[35m (4.7ms)[0m  [1m[36mcommit transaction[0m
No template found for PostsController#create, rendering head :no_content
Completed 204 No Content in 50ms (ActiveRecord: 5.4ms)


Started GET "/posts/new" for 127.0.0.1 at 2020-02-27 12:18:48 -0500
Processing by PostsController#new as HTML
  Rendering posts/new.html.erb within layouts/application
  Rendered posts/new.html.erb within layouts/application (0.5ms)
Completed 200 OK in 13ms (Views: 11.9ms | ActiveRecord: 0.0ms)


Started POST "/posts" for 127.0.0.1 at 2020-02-27 12:18:56 -0500
Processing by PostsController#create as HTML
  Parameters: {"utf8"=>"✓", "authenticity_token"=>"tSMG7AfQ7oJECYkI2aI/klvNFve3HhMPDMQUNAspR/GMhSZXyRrKjH9CrNx4v++mfX5mAO6HuOJ67rpbNzOGhA==", "title"=>"Smores", "description"=>"are tasy 2", "commit"=>"Submit Post"}
  [1m[35m (0.0ms)[0m  [1m[36mbegin transaction[0m
  [1m[35mSQL (0.7ms)[0m  [1m[32mINSERT INTO "posts" ("title", "description", "created_at", "updated_at") VALUES (?, ?, ?, ?)[0m  [["title", "Smores"], ["description", "are tasy 2"], ["created_at", "2020-02-27 17:18:56.158324"], ["updated_at", "2020-02-27 17:18:56.158324"]]
  [1m[35m (4.8ms)[0m  [1m[36mcommit transaction[0m
No template found for PostsController#create, rendering head :no_content
Completed 204 No Content in 52ms (ActiveRecord: 5.5ms)


  [1m[36mPost Load (0.1ms)[0m  [1m[34mSELECT  "posts".* FROM "posts" ORDER BY "posts"."id" DESC LIMIT ?[0m  [["LIMIT", 1]]
  [1m[36mPost Load (0.2ms)[0m  [1m[34mSELECT "posts".* FROM "posts"[0m
Started GET "/posts/new" for 127.0.0.1 at 2020-02-27 12:21:58 -0500
Processing by PostsController#new as HTML
  Rendering posts/new.html.erb within layouts/application
  Rendered posts/new.html.erb within layouts/application (0.5ms)
Completed 200 OK in 16ms (Views: 10.1ms | ActiveRecord: 0.7ms)


Started POST "/posts" for 127.0.0.1 at 2020-02-27 12:22:10 -0500
Processing by PostsController#create as HTML
  Parameters: {"utf8"=>"✓", "authenticity_token"=>"aCmBJ2NHrx0S5gIYwUzEfpGu0h7LrDxJ2vfSYOF1IftRj6GcrY2LEymtJ8xgURRKtx2i6ZI1l6Ss3XwP3W/gjg==", "title"=>"Star wars 9", "description"=>"Sucks", "commit"=>"Submit Post"}
  [1m[35m (0.0ms)[0m  [1m[36mbegin transaction[0m
  [1m[35mSQL (0.7ms)[0m  [1m[32mINSERT INTO "posts" ("title", "description", "created_at", "updated_at") VALUES (?, ?, ?, ?)[0m  [["title", "Star wars 9"], ["description", "Sucks"], ["created_at", "2020-02-27 17:22:10.034321"], ["updated_at", "2020-02-27 17:22:10.034321"]]
  [1m[35m (4.3ms)[0m  [1m[36mcommit transaction[0m
Redirected to http://127.0.0.1:3001/posts/6
Completed 302 Found in 6ms (ActiveRecord: 5.1ms)


Started GET "/posts/6" for 127.0.0.1 at 2020-02-27 12:22:10 -0500
Processing by PostsController#show as HTML
  Parameters: {"id"=>"6"}
  [1m[36mPost Load (0.2ms)[0m  [1m[34mSELECT  "posts".* FROM "posts" WHERE "posts"."id" = ? LIMIT ?[0m  [["id", 6], ["LIMIT", 1]]
  Rendering posts/show.html.erb within layouts/application
  Rendered posts/show.html.erb within layouts/application (0.2ms)
Completed 200 OK in 18ms (Views: 8.8ms | ActiveRecord: 0.2ms)


